[debug] [2019-04-17T21:12:00.244Z] ----------------------------------------------------------------------
[debug] [2019-04-17T21:12:00.246Z] Command:       C:\Program Files\nodejs\node.exe C:\Users\Abhinav Tripathy\AppData\Roaming\npm\node_modules\firebase-tools\lib\bin\firebase.js deploy --only hosting
[debug] [2019-04-17T21:12:00.247Z] CLI Version:   6.4.0
[debug] [2019-04-17T21:12:00.247Z] Platform:      win32
[debug] [2019-04-17T21:12:00.247Z] Node Version:  v11.1.0
[debug] [2019-04-17T21:12:00.247Z] Time:          Wed Apr 17 2019 17:12:00 GMT-0400 (Eastern Daylight Time)
[debug] [2019-04-17T21:12:00.248Z] ----------------------------------------------------------------------
[debug] 
[debug] [2019-04-17T21:12:00.258Z] > command requires scopes: ["email","openid","https://www.googleapis.com/auth/cloudplatformprojects.readonly","https://www.googleapis.com/auth/firebase","https://www.googleapis.com/auth/cloud-platform"]
[debug] [2019-04-17T21:12:00.259Z] > authorizing via signed-in user
[debug] [2019-04-17T21:12:00.259Z] [iam] checking project stepify-solutions for permissions ["firebase.projects.get","firebasehosting.sites.update"]
[debug] [2019-04-17T21:12:00.261Z] >>> HTTP REQUEST POST https://cloudresourcemanager.googleapis.com/v1/projects/stepify-solutions:testIamPermissions  

[debug] [2019-04-17T21:12:00.532Z] <<< HTTP RESPONSE 200
[debug] [2019-04-17T21:12:00.534Z] >>> HTTP REQUEST GET https://firebase.googleapis.com/v1beta1/projects/stepify-solutions  
 
[debug] [2019-04-17T21:12:00.787Z] <<< HTTP RESPONSE 200
[info] 
[info] === Deploying to 'stepify-solutions'...
[info] 
[info] i  deploying hosting
[debug] [2019-04-17T21:12:03.341Z] >>> HTTP REQUEST POST https://firebasehosting.googleapis.com/v1beta1/sites/stepify-solutions/versions  

[debug] [2019-04-17T21:12:04.167Z] <<< HTTP RESPONSE 200
[info] i  hosting[stepify-solutions]: beginning deploy...
[info] i  hosting[stepify-solutions]: found 427 files in public
[debug] [2019-04-17T21:12:04.328Z] [hosting] hash cache [cHVibGlj] load error: lines is not defined
[debug] [2019-04-17T21:12:04.979Z] [hosting] hash cache [cHVibGlj] stored for 427 files
[debug] [2019-04-17T21:12:04.979Z] [hosting][hash queue][FINAL]
[debug] [2019-04-17T21:12:04.979Z] >>> HTTP REQUEST POST https://firebasehosting.googleapis.com/v1beta1/sites/stepify-solutions/versions/1536464b486df3b8:populateFiles  
 <request body omitted>
